<?xml version="1.0" encoding="UTF-8"?>
<!-- Generated by org.testng.reporters.JUnitXMLReporter -->
<testsuite ignored="0" hostname="LAPTOP-71D16QSE" failures="0" tests="3" name="Surefire test" time="0.04" errors="0" timestamp="17 Aug 2021 05:48:22 GMT">
  <testcase classname="qaclickacademy.AppiumTest" name="AppiMethod1" time="0.008"/>
  <testcase classname="qaclickacademy.AppiumTest" name="AppiMethod2" time="0.0"/>
  <testcase classname="qaclickacademy.AppiumTest" name="AppiMethod3" time="0.0"/>
</testsuite> <!-- Surefire test -->
