<?xml version="1.0" encoding="UTF-8"?>
<!-- Generated by org.testng.reporters.JUnitXMLReporter -->
<testsuite ignored="0" hostname="LAPTOP-71D16QSE" failures="0" tests="9" name="Default test" time="0.056" errors="0" timestamp="2021-08-17T09:52:03 IST">
  <testcase classname="qaclickacademy.AppiumTest" name="AppiMethod1" time="0.006"/>
  <testcase classname="qaclickacademy.AppiumTest" name="AppiMethod2" time="0.002"/>
  <testcase classname="qaclickacademy.AppiumTest" name="AppiMethod3" time="0.001"/>
  <testcase classname="qaclickacademy.SeleniumClass" name="SeleniumMethod1" time="0.002"/>
  <testcase classname="qaclickacademy.SeleniumClass" name="SeleniumMethod2" time="0.001"/>
  <testcase classname="qaclickacademy.SeleniumClass" name="SeleniumMethod3" time="0.001"/>
  <testcase classname="qaclickacademy.RestAPITest" name="RestMethod1" time="0.001"/>
  <testcase classname="qaclickacademy.RestAPITest" name="RestMethod2" time="0.0"/>
  <testcase classname="qaclickacademy.RestAPITest" name="RestMethod3" time="0.001"/>
</testsuite> <!-- Default test -->
