<?xml version="1.0" encoding="UTF-8"?>
<!-- Generated by org.testng.reporters.JUnitXMLReporter -->
<testsuite ignored="0" hostname="LAPTOP-71D16QSE" failures="0" tests="6" name="Test" time="0.111" errors="0" timestamp="2021-08-18T13:04:51 IST">
  <testcase classname="qaclickacademy.AppiumTest" name="AppiMethod1" time="0.016"/>
  <testcase classname="qaclickacademy.AppiumTest" name="AppiMethod2" time="0.003"/>
  <testcase classname="qaclickacademy.AppiumTest" name="AppiMethod3" time="0.002"/>
  <testcase classname="qaclickacademy.SeleniumTest" name="SeleniumMethod1" time="0.002"/>
  <testcase classname="qaclickacademy.SeleniumTest" name="SeleniumMethod2" time="0.002"/>
  <testcase classname="qaclickacademy.SeleniumTest" name="SeleniumMethod3" time="0.002"/>
</testsuite> <!-- Test -->
