<?xml version="1.0" encoding="UTF-8"?>
<!-- Generated by org.testng.reporters.JUnitXMLReporter -->
<testsuite ignored="0" hostname="LAPTOP-71D16QSE" failures="0" tests="9" name="Command line test" time="0.041" errors="0" timestamp="18 Aug 2021 07:34:24 GMT">
  <testcase classname="qaclickacademy.AppiumTest" name="AppiMethod1" time="0.007"/>
  <testcase classname="qaclickacademy.AppiumTest" name="AppiMethod2" time="0.0"/>
  <testcase classname="qaclickacademy.AppiumTest" name="AppiMethod3" time="0.0"/>
  <testcase classname="qaclickacademy.RestAPITest" name="RestMethod1" time="0.0"/>
  <testcase classname="qaclickacademy.RestAPITest" name="RestMethod2" time="0.001"/>
  <testcase classname="qaclickacademy.RestAPITest" name="RestMethod3" time="0.0"/>
  <testcase classname="qaclickacademy.SeleniumTest" name="SeleniumMethod1" time="0.0"/>
  <testcase classname="qaclickacademy.SeleniumTest" name="SeleniumMethod2" time="0.0"/>
  <testcase classname="qaclickacademy.SeleniumTest" name="SeleniumMethod3" time="0.0"/>
</testsuite> <!-- Command line test -->
