<?xml version="1.0" encoding="UTF-8"?>
<testng-results ignored="0" total="6" passed="6" failed="0" skipped="0">
  <reporter-output>
  </reporter-output>
  <suite started-at="2021-08-18T13:04:50 IST" name="Suite" finished-at="2021-08-18T13:04:50 IST" duration-ms="111">
    <groups>
    </groups>
    <test started-at="2021-08-18T13:04:50 IST" name="Test" finished-at="2021-08-18T13:04:50 IST" duration-ms="111">
      <class name="qaclickacademy.AppiumTest">
        <test-method signature="AppiMethod1()[pri:0, instance:qaclickacademy.AppiumTest@48fa0f47]" started-at="2021-08-18T13:04:50 IST" name="AppiMethod1" finished-at="2021-08-18T13:04:50 IST" duration-ms="16" status="PASS">
          <reporter-output>
          </reporter-output>
        </test-method> <!-- AppiMethod1 -->
        <test-method signature="AppiMethod2()[pri:0, instance:qaclickacademy.AppiumTest@48fa0f47]" started-at="2021-08-18T13:04:50 IST" name="AppiMethod2" finished-at="2021-08-18T13:04:50 IST" duration-ms="3" status="PASS">
          <reporter-output>
          </reporter-output>
        </test-method> <!-- AppiMethod2 -->
        <test-method signature="AppiMethod3()[pri:0, instance:qaclickacademy.AppiumTest@48fa0f47]" started-at="2021-08-18T13:04:50 IST" name="AppiMethod3" finished-at="2021-08-18T13:04:50 IST" duration-ms="2" status="PASS">
          <reporter-output>
          </reporter-output>
        </test-method> <!-- AppiMethod3 -->
      </class> <!-- qaclickacademy.AppiumTest -->
      <class name="qaclickacademy.SeleniumTest">
        <test-method signature="SeleniumMethod1()[pri:0, instance:qaclickacademy.SeleniumTest@3cc2931c]" started-at="2021-08-18T13:04:50 IST" name="SeleniumMethod1" finished-at="2021-08-18T13:04:50 IST" duration-ms="2" status="PASS">
          <reporter-output>
          </reporter-output>
        </test-method> <!-- SeleniumMethod1 -->
        <test-method signature="SeleniumMethod2()[pri:0, instance:qaclickacademy.SeleniumTest@3cc2931c]" started-at="2021-08-18T13:04:50 IST" name="SeleniumMethod2" finished-at="2021-08-18T13:04:50 IST" duration-ms="2" status="PASS">
          <reporter-output>
          </reporter-output>
        </test-method> <!-- SeleniumMethod2 -->
        <test-method signature="SeleniumMethod3()[pri:0, instance:qaclickacademy.SeleniumTest@3cc2931c]" started-at="2021-08-18T13:04:50 IST" name="SeleniumMethod3" finished-at="2021-08-18T13:04:50 IST" duration-ms="2" status="PASS">
          <reporter-output>
          </reporter-output>
        </test-method> <!-- SeleniumMethod3 -->
      </class> <!-- qaclickacademy.SeleniumTest -->
    </test> <!-- Test -->
  </suite> <!-- Suite -->
</testng-results>
